c:\users\zack\documents\visual studio 2017\projects\zutil\zutil\builds\debug\obj\zutil.pdb
c:\users\zack\documents\visual studio 2017\projects\zutil\zutil\builds\debug\obj\zutil.idb
c:\users\zack\documents\visual studio 2017\projects\zutil\zutil\builds\debug\obj\zvec2.obj
c:\users\zack\documents\visual studio 2017\projects\zutil\zutil\builds\debug\obj\zthread.obj
c:\users\zack\documents\visual studio 2017\projects\zutil\zutil\builds\debug\obj\zstring.obj
c:\users\zack\documents\visual studio 2017\projects\zutil\zutil\builds\debug\obj\zsemaphore.obj
c:\users\zack\documents\visual studio 2017\projects\zutil\zutil\builds\debug\obj\zrect.obj
c:\users\zack\documents\visual studio 2017\projects\zutil\zutil\builds\debug\obj\zqueue.obj
c:\users\zack\documents\visual studio 2017\projects\zutil\zutil\builds\debug\obj\zmutex.obj
c:\users\zack\documents\visual studio 2017\projects\zutil\zutil\builds\debug\obj\zmath.obj
c:\users\zack\documents\visual studio 2017\projects\zutil\zutil\builds\debug\obj\zlogger.obj
c:\users\zack\documents\visual studio 2017\projects\zutil\zutil\builds\debug\obj\ziconv.obj
c:\users\zack\documents\visual studio 2017\projects\zutil\zutil\builds\debug\obj\zcondvar.obj
c:\users\zack\documents\visual studio 2017\projects\zutil\zutil\builds\debug\obj\zbasepath.obj
c:\users\zack\documents\visual studio 2017\projects\zutil\zutil\builds\debug\obj\zbase64.obj
c:\users\zack\documents\visual studio 2017\projects\zutil\zutil\builds\debug\obj\zatomic.obj
c:\users\zack\documents\visual studio 2017\projects\zutil\zutil\builds\debug\obj\zplatform_win32.obj
c:\users\zack\documents\visual studio 2017\projects\zutil\zutil\builds\debug\obj\zchrono.obj
c:\users\zack\documents\visual studio 2017\projects\zutil\zutil\builds\debug\obj\zsystem.obj
c:\users\zack\documents\visual studio 2017\projects\zutil\zutil\builds\debug\obj\zresult.obj
c:\users\zack\documents\visual studio 2017\projects\zutil\zutil\builds\debug\obj\log2.obj
c:\users\zack\documents\visual studio 2017\projects\zutil\zutil\builds\debug\bin\zutil-d.lib
c:\users\zack\documents\visual studio 2017\projects\zutil\zutil\.\builds\debug\bin\zutil-d.lib
c:\users\zack\documents\visual studio 2017\projects\zutil\zutil\builds\debug\obj\zutil.tlog\cl.command.1.tlog
c:\users\zack\documents\visual studio 2017\projects\zutil\zutil\builds\debug\obj\zutil.tlog\cl.read.1.tlog
c:\users\zack\documents\visual studio 2017\projects\zutil\zutil\builds\debug\obj\zutil.tlog\cl.write.1.tlog
c:\users\zack\documents\visual studio 2017\projects\zutil\zutil\builds\debug\obj\zutil.tlog\lib-link.read.1.tlog
c:\users\zack\documents\visual studio 2017\projects\zutil\zutil\builds\debug\obj\zutil.tlog\lib-link.write.1.tlog
c:\users\zack\documents\visual studio 2017\projects\zutil\zutil\builds\debug\obj\zutil.tlog\lib.command.1.tlog
